<?xml version="1.0" encoding="UTF-8"?>
<testsuite xmlns:xsi="http://www.w3.org/2001/XMLSchema-instance" xsi:noNamespaceSchemaLocation="https://maven.apache.org/surefire/maven-surefire-plugin/xsd/surefire-test-report.xsd" version="3.0.2" name="com.eazybytes.loans.LoansApplicationTests" time="18.005" tests="1" errors="0" skipped="0" failures="0">
  <properties>
[...]
</properties>
  <testcase name="contextLoads" classname="com.eazybytes.loans.LoansApplicationTests" time="0.56">
    <system-out><![CDATA[02:24:28.162 [main] INFO org.springframework.test.context.support.AnnotationConfigContextLoaderUtils -- Could not detect default configuration classes for test class [com.eazybytes.loans.LoansApplicationTests]: LoansApplicationTests does not declare any static, non-private, non-final, nested classes annotated with @Configuration.
02:24:28.349 [main] INFO org.springframework.boot.test.context.SpringBootTestContextBootstrapper -- Found @SpringBootConfiguration com.eazybytes.loans.LoansApplication for test class com.eazybytes.loans.LoansApplicationTests
02:24:29.297 [main] INFO org.springframework.boot.devtools.restart.RestartApplicationListener -- Restart disabled due to context in which it is running
  .   ____          _            __ _ _
 /\\ / ___'_ __ _ _(_)_ __  __ _ \ \ \ \
( ( )\___ | '_ | '_| | '_ \/ _` | \ \ \ \
 \\/  ___)| |_)| | | | | || (_| |  ) ) ) )
  '  |____| .__|_| |_|_| |_\__, | / / / /
 =========|_|==============|___/=/_/_/_/
 
 :: Spring Boot ::   v3.5.5
 :: Spring Cloud Stream ::   v4.3.0
 :: Spring Cloud Function ::   v4.3.0
2025-09-23T02:24:33.800+03:00  INFO 12840 --- [loans] [           main] c.eazybytes.loans.LoansApplicationTests  : Starting LoansApplicationTests using Java 21.0.8 with PID 12840 (started by jamal in J:\my project\------------}MicroServices\Bank_MicroServices\loans)
2025-09-23T02:24:33.800+03:00 DEBUG 12840 --- [loans] [           main] c.eazybytes.loans.LoansApplicationTests  : Running with Spring Boot v3.5.5, Spring v6.2.10
2025-09-23T02:24:33.800+03:00  INFO 12840 --- [loans] [           main] c.eazybytes.loans.LoansApplicationTests  : The following 1 profile is active: "prod"
2025-09-23T02:24:33.860+03:00  INFO 12840 --- [loans] [           main] o.s.c.c.c.ConfigServerConfigDataLoader   : Fetching config from server at : http://localhost:8071
2025-09-23T02:24:33.870+03:00  INFO 12840 --- [loans] [           main] o.s.c.c.c.ConfigServerConfigDataLoader   : Located environment: name=loans, profiles=[default], label=null, version=75430294c3edc6af7ccf781ece0cc2c427c0b128, state=
2025-09-23T02:24:33.870+03:00  INFO 12840 --- [loans] [           main] o.s.c.c.c.ConfigServerConfigDataLoader   : Fetching config from server at : http://localhost:8071
2025-09-23T02:24:33.870+03:00  INFO 12840 --- [loans] [           main] o.s.c.c.c.ConfigServerConfigDataLoader   : Located environment: name=loans, profiles=[prod], label=null, version=75430294c3edc6af7ccf781ece0cc2c427c0b128, state=
2025-09-23T02:24:36.216+03:00  INFO 12840 --- [loans] [           main] .s.d.r.c.RepositoryConfigurationDelegate : Bootstrapping Spring Data JPA repositories in DEFAULT mode.
2025-09-23T02:24:36.411+03:00  INFO 12840 --- [loans] [           main] .s.d.r.c.RepositoryConfigurationDelegate : Finished Spring Data repository scanning in 175 ms. Found 1 JPA repository interface.
2025-09-23T02:24:36.751+03:00  INFO 12840 --- [loans] [           main] faultConfiguringBeanFactoryPostProcessor : No bean named 'errorChannel' has been explicitly defined. Therefore, a default PublishSubscribeChannel will be created.
2025-09-23T02:24:36.765+03:00  INFO 12840 --- [loans] [           main] faultConfiguringBeanFactoryPostProcessor : No bean named 'integrationHeaderChannelRegistry' has been explicitly defined. Therefore, a default DefaultHeaderChannelRegistry will be created.
2025-09-23T02:24:36.910+03:00  INFO 12840 --- [loans] [           main] o.s.cloud.context.scope.GenericScope     : BeanFactory id=fbb47a50-ef76-3218-8b3a-4b59313d928d
2025-09-23T02:24:37.582+03:00  INFO 12840 --- [loans] [           main] com.zaxxer.hikari.HikariDataSource       : HikariPool-1 - Starting...
2025-09-23T02:24:38.068+03:00  INFO 12840 --- [loans] [           main] com.zaxxer.hikari.pool.HikariPool        : HikariPool-1 - Added connection com.mysql.cj.jdbc.ConnectionImpl@36e358de
2025-09-23T02:24:38.071+03:00  INFO 12840 --- [loans] [           main] com.zaxxer.hikari.HikariDataSource       : HikariPool-1 - Start completed.
2025-09-23T02:24:38.251+03:00  INFO 12840 --- [loans] [           main] o.hibernate.jpa.internal.util.LogHelper  : HHH000204: Processing PersistenceUnitInfo [name: default]
2025-09-23T02:24:38.368+03:00  INFO 12840 --- [loans] [           main] org.hibernate.Version                    : HHH000412: Hibernate ORM core version 6.6.26.Final
2025-09-23T02:24:38.441+03:00  INFO 12840 --- [loans] [           main] o.h.c.internal.RegionFactoryInitiator    : HHH000026: Second-level cache disabled
2025-09-23T02:24:39.105+03:00  INFO 12840 --- [loans] [           main] o.s.o.j.p.SpringPersistenceUnitInfo      : No LoadTimeWeaver setup: ignoring JPA class transformer
2025-09-23T02:24:39.221+03:00  INFO 12840 --- [loans] [           main] org.hibernate.orm.connections.pooling    : HHH10001005: Database info:
	Database JDBC URL [Connecting through datasource 'HikariDataSource (HikariPool-1)']
	Database driver: undefined/unknown
	Database version: 9.4
	Autocommit mode: undefined/unknown
	Isolation level: undefined/unknown
	Minimum pool size: undefined/unknown
	Maximum pool size: undefined/unknown
2025-09-23T02:24:40.524+03:00  INFO 12840 --- [loans] [           main] o.h.e.t.j.p.i.JtaPlatformInitiator       : HHH000489: No JTA platform available (set 'hibernate.transaction.jta.platform' to enable JTA platform integration)
2025-09-23T02:24:40.528+03:00  INFO 12840 --- [loans] [           main] j.LocalContainerEntityManagerFactoryBean : Initialized JPA EntityManagerFactory for persistence unit 'default'
2025-09-23T02:24:41.474+03:00  WARN 12840 --- [loans] [           main] JpaBaseConfiguration$JpaWebConfiguration : spring.jpa.open-in-view is enabled by default. Therefore, database queries may be performed during view rendering. Explicitly configure spring.jpa.open-in-view to disable this warning
2025-09-23T02:24:42.935+03:00  WARN 12840 --- [loans] [           main] c.f.c.c.BeanFactoryAwareFunctionRegistry : Failed to locate function 'busConsumer' for function definition 'busConsumer'. Returning null.
2025-09-23T02:24:43.013+03:00  INFO 12840 --- [loans] [           main] o.s.c.s.m.DirectWithAttributesChannel    : Channel 'loans.springCloudBusInput' has 1 subscriber(s).
2025-09-23T02:24:43.528+03:00  INFO 12840 --- [loans] [           main] DiscoveryClientOptionalArgsConfiguration : Eureka HTTP Client uses RestTemplate.
2025-09-23T02:24:43.613+03:00  WARN 12840 --- [loans] [           main] iguration$LoadBalancerCaffeineWarnLogger : Spring Cloud LoadBalancer is currently working with the default cache. While this cache implementation is useful for development and tests, it's recommended to use Caffeine cache in production.You can switch to using Caffeine cache, by adding it and org.springframework.cache.caffeine.CaffeineCacheManager to the classpath.
2025-09-23T02:24:43.627+03:00  INFO 12840 --- [loans] [           main] o.s.b.a.e.web.EndpointLinksResolver      : Exposing 24 endpoints beneath base path '/actuator'
2025-09-23T02:24:43.871+03:00  INFO 12840 --- [loans] [           main] o.s.i.endpoint.EventDrivenConsumer       : Adding {logging-channel-adapter:_org.springframework.integration.errorLogger} as a subscriber to the 'errorChannel' channel
2025-09-23T02:24:43.872+03:00  INFO 12840 --- [loans] [           main] o.s.i.channel.PublishSubscribeChannel    : Channel 'loans.errorChannel' has 1 subscriber(s).
2025-09-23T02:24:43.872+03:00  INFO 12840 --- [loans] [           main] o.s.i.endpoint.EventDrivenConsumer       : started bean '_org.springframework.integration.errorLogger'
2025-09-23T02:24:43.973+03:00  INFO 12840 --- [loans] [           main] o.s.c.n.eureka.InstanceInfoFactory       : Setting initial instance status as: STARTING
2025-09-23T02:24:44.015+03:00  INFO 12840 --- [loans] [           main] com.netflix.discovery.DiscoveryClient    : Initializing Eureka in region us-east-1
2025-09-23T02:24:44.021+03:00  INFO 12840 --- [loans] [           main] c.n.d.s.r.aws.ConfigClusterResolver      : Resolving eureka endpoints via configuration
2025-09-23T02:24:44.037+03:00  INFO 12840 --- [loans] [           main] com.netflix.discovery.DiscoveryClient    : Disable delta property : false
2025-09-23T02:24:44.037+03:00  INFO 12840 --- [loans] [           main] com.netflix.discovery.DiscoveryClient    : Single vip registry refresh property : null
2025-09-23T02:24:44.037+03:00  INFO 12840 --- [loans] [           main] com.netflix.discovery.DiscoveryClient    : Force full registry fetch : false
2025-09-23T02:24:44.037+03:00  INFO 12840 --- [loans] [           main] com.netflix.discovery.DiscoveryClient    : Application is null : false
2025-09-23T02:24:44.037+03:00  INFO 12840 --- [loans] [           main] com.netflix.discovery.DiscoveryClient    : Registered Applications size is zero : true
2025-09-23T02:24:44.037+03:00  INFO 12840 --- [loans] [           main] com.netflix.discovery.DiscoveryClient    : Application version is -1: true
2025-09-23T02:24:44.037+03:00  INFO 12840 --- [loans] [           main] com.netflix.discovery.DiscoveryClient    : Getting all instance registry info from the eureka server
2025-09-23T02:24:44.441+03:00  INFO 12840 --- [loans] [           main] com.netflix.discovery.DiscoveryClient    : The response status is 200
2025-09-23T02:24:44.443+03:00  INFO 12840 --- [loans] [           main] com.netflix.discovery.DiscoveryClient    : Starting heartbeat executor: renew interval is: 30
2025-09-23T02:24:44.445+03:00  INFO 12840 --- [loans] [           main] c.n.discovery.InstanceInfoReplicator     : InstanceInfoReplicator onDemand update allowed rate per min is 4
2025-09-23T02:24:44.447+03:00  INFO 12840 --- [loans] [           main] com.netflix.discovery.DiscoveryClient    : Discovery Client initialized at timestamp 1758583484446 with initial instances count: 0
2025-09-23T02:24:44.453+03:00  INFO 12840 --- [loans] [           main] o.s.c.n.e.s.EurekaServiceRegistry        : Registering application LOANS with eureka with status UP
2025-09-23T02:24:44.454+03:00  INFO 12840 --- [loans] [           main] com.netflix.discovery.DiscoveryClient    : Saw local status change event StatusChangeEvent [timestamp=1758583484454, current=UP, previous=STARTING]
2025-09-23T02:24:44.460+03:00  INFO 12840 --- [loans] [           main] o.s.c.s.binder.DefaultBinderFactory      : Creating binder: rabbit
2025-09-23T02:24:44.461+03:00  INFO 12840 --- [loans] [           main] o.s.c.s.binder.DefaultBinderFactory      : Constructing binder child context for rabbit
2025-09-23T02:24:44.461+03:00  INFO 12840 --- [loans] [foReplicator-%d] com.netflix.discovery.DiscoveryClient    : DiscoveryClient_LOANS/CMJO:loans:8090: registering service...
2025-09-23T02:24:44.604+03:00  INFO 12840 --- [loans] [foReplicator-%d] com.netflix.discovery.DiscoveryClient    : DiscoveryClient_LOANS/CMJO:loans:8090 - registration status: 204
2025-09-23T02:24:44.731+03:00  INFO 12840 --- [loans] [           main] o.s.c.s.binder.DefaultBinderFactory      : Caching the binder: rabbit
2025-09-23T02:24:44.784+03:00  INFO 12840 --- [loans] [           main] c.s.b.r.p.RabbitExchangeQueueProvisioner : declaring queue for inbound: springCloudBus.anonymous.GiN4bK26SPe0O6kNbTs5uQ, bound to: springCloudBus
2025-09-23T02:24:44.790+03:00  INFO 12840 --- [loans] [           main] o.s.a.r.c.CachingConnectionFactory       : Attempting to connect to: [localhost:5672]
2025-09-23T02:24:44.878+03:00  INFO 12840 --- [loans] [           main] o.s.a.r.c.CachingConnectionFactory       : Created new connection: rabbitConnectionFactory#7e3c5dbb:0/SimpleConnection@411d3b5e [delegate=amqp://guest@127.0.0.1:5672/, localPort=53047]
2025-09-23T02:24:45.011+03:00  INFO 12840 --- [loans] [           main] o.s.c.stream.binder.BinderErrorChannel   : Channel 'rabbit-1140732510.springCloudBusInput.errors' has 1 subscriber(s).
2025-09-23T02:24:45.012+03:00  INFO 12840 --- [loans] [           main] o.s.c.stream.binder.BinderErrorChannel   : Channel 'rabbit-1140732510.springCloudBusInput.errors' has 2 subscriber(s).
2025-09-23T02:24:45.087+03:00  INFO 12840 --- [loans] [           main] o.s.i.a.i.AmqpInboundChannelAdapter      : started bean 'inbound.springCloudBus.anonymous.GiN4bK26SPe0O6kNbTs5uQ'
2025-09-23T02:24:45.231+03:00  INFO 12840 --- [loans] [           main] c.eazybytes.loans.LoansApplicationTests  : Started LoansApplicationTests in 16.048 seconds (process running for 18.232)
]]></system-out>
    <system-err><![CDATA[Mockito is currently self-attaching to enable the inline-mock-maker. This will no longer work in future releases of the JDK. Please add Mockito as an agent to your build as described in Mockito's documentation: https://javadoc.io/doc/org.mockito/mockito-core/latest/org.mockito/org/mockito/Mockito.html#0.3
WARNING: A Java agent has been loaded dynamically (C:\Users\jamal\.m2\repository\net\bytebuddy\byte-buddy-agent\1.17.7\byte-buddy-agent-1.17.7.jar)
WARNING: If a serviceability tool is in use, please run with -XX:+EnableDynamicAgentLoading to hide this warning
WARNING: If a serviceability tool is not in use, please run with -Djdk.instrument.traceUsage for more information
WARNING: Dynamic loading of agents will be disallowed by default in a future release
]]></system-err>
  </testcase>
</testsuite>